<?xml version="1.0" encoding="UTF-8"?>
<!-- Generated by org.testng.reporters.JUnitReportReporter -->
<testsuite hostname="DESKTOP-V361U5G" failures="0" tests="6" name="conceptsontestng.ParallelExecutionTestNGFirefox" time="160.666" errors="0" timestamp="2025-01-19T23:33:38 IST" skipped="0">
  <testcase classname="conceptsontestng.ParallelExecutionTestNGFirefox" name="test2" time="17.616"/>
  <system-out/>
  <testcase classname="conceptsontestng.ParallelExecutionTestNGFirefox" name="test1" time="13.087"/>
  <system-out/>
  <testcase classname="conceptsontestng.ParallelExecutionTestNGFirefox" name="test4" time="19.999"/>
  <system-out/>
  <testcase classname="conceptsontestng.ParallelExecutionTestNGFirefox" name="test5" time="84.006"/>
  <system-out/>
  <testcase classname="conceptsontestng.ParallelExecutionTestNGFirefox" name="test0" time="13.420"/>
  <system-out/>
  <testcase classname="conceptsontestng.ParallelExecutionTestNGFirefox" name="test3" time="12.538"/>
  <system-out/>
</testsuite> <!-- conceptsontestng.ParallelExecutionTestNGFirefox -->
