<?xml version="1.0" encoding="UTF-8"?>
<!-- Generated by org.testng.reporters.JUnitReportReporter -->
<testsuite hostname="DESKTOP-V361U5G" failures="0" tests="2" name="conceptsontestng.GroupInTestNG" time="0.019" errors="0" timestamp="2025-01-16T23:06:57 IST" skipped="0">
  <testcase classname="conceptsontestng.GroupInTestNG" name="test0" time="0.016"/>
  <system-out/>
  <testcase classname="conceptsontestng.GroupInTestNG" name="test2" time="0.003"/>
  <system-out/>
</testsuite> <!-- conceptsontestng.GroupInTestNG -->
