<?xml version="1.0" encoding="UTF-8"?>
<!-- Generated by org.testng.reporters.JUnitReportReporter -->
<testsuite hostname="DESKTOP-V361U5G" failures="0" tests="3" name="testngex.Case3" time="0.016" errors="0" timestamp="2025-01-14T22:19:06 IST" skipped="0">
  <testcase classname="testngex.Case3" name="test3" time="0.009"/>
  <system-out/>
  <testcase classname="testngex.Case3" name="test3" time="0.006"/>
  <system-out/>
  <testcase classname="testngex.Case3" name="test3" time="0.001"/>
  <system-out/>
</testsuite> <!-- testngex.Case3 -->
