<?xml version="1.0" encoding="UTF-8"?>
<!-- Generated by org.testng.reporters.JUnitReportReporter -->
<testsuite hostname="DESKTOP-V361U5G" failures="0" tests="1" name="conceptsontestng.ParameterFromXMLInTestNG" time="0.014" errors="0" timestamp="2025-01-16T23:20:38 IST" skipped="0">
  <testcase classname="conceptsontestng.ParameterFromXMLInTestNG" name="printNamesValueFromXML" time="0.014"/>
  <system-out/>
</testsuite> <!-- conceptsontestng.ParameterFromXMLInTestNG -->
