<?xml version="1.0" encoding="UTF-8"?>
<!-- Generated by org.testng.reporters.JUnitReportReporter -->
<testsuite hostname="DESKTOP-V361U5G" failures="0" tests="3" name="testngex.Case1" time="0.024" errors="0" timestamp="2025-01-14T22:19:06 IST" skipped="0">
  <testcase classname="testngex.Case1" name="test0" time="0.012"/>
  <system-out/>
  <testcase classname="testngex.Case1" name="test0" time="0.010"/>
  <system-out/>
  <testcase classname="testngex.Case1" name="test0" time="0.002"/>
  <system-out/>
</testsuite> <!-- testngex.Case1 -->
