<?xml version="1.0" encoding="UTF-8"?>
<!-- Generated by org.testng.reporters.JUnitReportReporter -->
<testsuite hostname="DESKTOP-V361U5G" failures="0" tests="3" name="conceptsontestng.DependsOnMethodInTestNG" time="0.018" errors="0" timestamp="2025-01-14T23:03:34 IST" skipped="0">
  <testcase classname="conceptsontestng.DependsOnMethodInTestNG" name="test2" time="0.002"/>
  <system-out/>
  <testcase classname="conceptsontestng.DependsOnMethodInTestNG" name="test0" time="0.012"/>
  <system-out/>
  <testcase classname="conceptsontestng.DependsOnMethodInTestNG" name="test1" time="0.004"/>
  <system-out/>
</testsuite> <!-- conceptsontestng.DependsOnMethodInTestNG -->
