<?xml version="1.0" encoding="UTF-8"?>
<!-- Generated by org.testng.reporters.JUnitReportReporter -->
<testsuite hostname="DESKTOP-V361U5G" failures="0" tests="2" name="conceptsontestng.EnableInTestNG" time="0.020" errors="0" timestamp="2025-01-14T22:59:25 IST" skipped="1">
  <testcase classname="conceptsontestng.EnableInTestNG" name="test5" time="0.020"/>
  <system-out/>
  <testcase classname="conceptsontestng.EnableInTestNG" name="test6">
    <skipped/>
  </testcase> <!-- test6 -->
  <system-out/>
</testsuite> <!-- conceptsontestng.EnableInTestNG -->
