<?xml version="1.0" encoding="UTF-8"?>
<!-- Generated by org.testng.reporters.JUnitReportReporter -->
<testsuite hostname="DESKTOP-V361U5G" failures="0" tests="7" name="conceptsontestng.PriorityInTestNG" time="0.036" errors="0" timestamp="2025-01-14T22:55:15 IST" skipped="0">
  <testcase classname="conceptsontestng.PriorityInTestNG" name="test0" time="0.012"/>
  <system-out/>
  <testcase classname="conceptsontestng.PriorityInTestNG" name="test6" time="0.002"/>
  <system-out/>
  <testcase classname="conceptsontestng.PriorityInTestNG" name="test1" time="0.007"/>
  <system-out/>
  <testcase classname="conceptsontestng.PriorityInTestNG" name="test5" time="0.003"/>
  <system-out/>
  <testcase classname="conceptsontestng.PriorityInTestNG" name="test2" time="0.004"/>
  <system-out/>
  <testcase classname="conceptsontestng.PriorityInTestNG" name="test3" time="0.002"/>
  <system-out/>
  <testcase classname="conceptsontestng.PriorityInTestNG" name="test4" time="0.006"/>
  <system-out/>
</testsuite> <!-- conceptsontestng.PriorityInTestNG -->
