<?xml version="1.0" encoding="UTF-8"?>
<!-- Generated by org.testng.reporters.JUnitReportReporter -->
<testsuite hostname="DESKTOP-V361U5G" failures="0" tests="6" name="conceptsontestng.ParallelExecutionTestNGEdge" time="655.516" errors="0" timestamp="2025-01-19T23:45:18 IST" skipped="0">
  <testcase classname="conceptsontestng.ParallelExecutionTestNGEdge" name="test0" time="66.620"/>
  <system-out/>
  <testcase classname="conceptsontestng.ParallelExecutionTestNGEdge" name="test1" time="99.741"/>
  <system-out/>
  <testcase classname="conceptsontestng.ParallelExecutionTestNGEdge" name="test3" time="87.901"/>
  <system-out/>
  <testcase classname="conceptsontestng.ParallelExecutionTestNGEdge" name="test2" time="95.136"/>
  <system-out/>
  <testcase classname="conceptsontestng.ParallelExecutionTestNGEdge" name="test4" time="152.695"/>
  <system-out/>
  <testcase classname="conceptsontestng.ParallelExecutionTestNGEdge" name="test5" time="153.423"/>
  <system-out/>
</testsuite> <!-- conceptsontestng.ParallelExecutionTestNGEdge -->
