<?xml version="1.0" encoding="UTF-8"?>
<!-- Generated by org.testng.reporters.JUnitReportReporter -->
<testsuite hostname="DESKTOP-V361U5G" failures="0" tests="3" name="testngex.Case4" time="0.007" errors="0" timestamp="2025-01-14T22:19:06 IST" skipped="0">
  <testcase classname="testngex.Case4" name="test4" time="0.003"/>
  <system-out/>
  <testcase classname="testngex.Case4" name="test4" time="0.002"/>
  <system-out/>
  <testcase classname="testngex.Case4" name="test4" time="0.002"/>
  <system-out/>
</testsuite> <!-- testngex.Case4 -->
