<?xml version="1.0" encoding="UTF-8"?>
<!-- Generated by org.testng.reporters.JUnitReportReporter -->
<testsuite hostname="DESKTOP-V361U5G" failures="0" tests="1" name="conceptsontestng.InvocationCountInTestNG" time="0.027" errors="0" timestamp="2025-01-18T22:34:15 IST" skipped="0">
  <testcase classname="conceptsontestng.InvocationCountInTestNG" name="test6" time="0.027"/>
  <system-out/>
</testsuite> <!-- conceptsontestng.InvocationCountInTestNG -->
